<?xml version="1.0" encoding="UTF-8"?>
<!-- Generated by org.testng.reporters.JUnitReportReporter -->
<testsuite hostname="DESKTOP-F7QBAOH" failures="0" tests="1" name="sample.Demo" time="11.392" errors="0" timestamp="2020-12-18T10:15:27 IST" skipped="0">
  <testcase classname="sample.Demo" name="register" time="11.392"/>
  <system-out/>
</testsuite> <!-- sample.Demo -->
