<?xml version="1.0" encoding="UTF-8"?>
<!-- Generated by org.testng.reporters.JUnitReportReporter -->
<testsuite hostname="DESKTOP-F7QBAOH" failures="0" tests="1" name="sample.Demo" time="13.035" errors="0" timestamp="2020-12-19T01:10:50 IST" skipped="0">
  <testcase classname="sample.Demo" name="register" time="13.035"/>
  <system-out/>
</testsuite> <!-- sample.Demo -->
