<?xml version="1.0" encoding="UTF-8"?>
<!-- Generated by org.testng.reporters.JUnitReportReporter -->
<testsuite hostname="DESKTOP-F7QBAOH" failures="0" tests="1" name="sample.Demo" time="14.606" errors="0" timestamp="2020-12-18T15:51:06 IST" skipped="0">
  <testcase classname="sample.Demo" name="register" time="14.606"/>
  <system-out/>
</testsuite> <!-- sample.Demo -->
