<?xml version="1.0" encoding="UTF-8"?>
<!-- Generated by org.testng.reporters.JUnitReportReporter -->
<testsuite skipped="0" hostname="DESKTOP-F7QBAOH" name="sample.Demo" tests="1" failures="0" timestamp="23 Dec 2020 17:38:01 GMT" time="12.331" errors="0">
  <testcase name="register" time="12.331" classname="sample.Demo"/>
</testsuite> <!-- sample.Demo -->
