<?xml version="1.0" encoding="UTF-8"?>
<!-- Generated by org.testng.reporters.JUnitReportReporter -->
<testsuite skipped="0" hostname="DESKTOP-F7QBAOH" name="sample.Demo" tests="1" failures="0" timestamp="19 Dec 2020 15:16:55 GMT" time="13.870" errors="0">
  <testcase name="register" time="13.870" classname="sample.Demo"/>
</testsuite> <!-- sample.Demo -->
