<?xml version="1.0" encoding="UTF-8"?>
<!-- Generated by org.testng.reporters.JUnitReportReporter -->
<testsuite hostname="DESKTOP-F7QBAOH" failures="0" tests="1" name="sample.Demo" time="11.687" errors="0" timestamp="18 Dec 2020 08:07:52 GMT" skipped="0">
  <testcase classname="sample.Demo" name="register" time="11.687"/>
</testsuite> <!-- sample.Demo -->
