<?xml version="1.0" encoding="UTF-8"?>
<!-- Generated by org.testng.reporters.JUnitReportReporter -->
<testsuite hostname="achatterjee-ltm.internal.salesforce.com" failures="0" tests="1" name="sample.Demo" time="10.059" errors="0" timestamp="18 Dec 2020 15:53:40 GMT" skipped="0">
  <testcase classname="sample.Demo" name="register" time="10.059"/>
</testsuite> <!-- sample.Demo -->
